SF:lib\models\user.dart
DA:7,8
DA:15,2
DA:16,2
DA:17,2
DA:18,2
DA:19,2
DA:20,2
DA:24,2
DA:25,2
DA:26,2
DA:27,2
DA:28,2
DA:29,2
LF:13
LH:13
end_of_record
SF:lib\models\product.dart
DA:9,5
DA:20,2
DA:21,2
DA:22,2
DA:23,2
DA:24,2
DA:25,4
DA:26,2
DA:27,2
DA:31,2
DA:32,2
DA:33,2
DA:34,2
DA:35,2
DA:36,2
DA:37,2
DA:38,2
DA:43,9
LF:18
LH:18
end_of_record
SF:lib\models\order.dart
DA:8,2
DA:18,2
DA:19,2
DA:20,2
DA:21,2
DA:22,2
DA:23,4
DA:24,2
DA:25,2
DA:26,6
DA:27,2
DA:32,2
DA:33,2
DA:34,2
DA:35,2
DA:36,2
DA:37,2
DA:38,10
DA:49,2
DA:57,2
DA:58,2
DA:59,2
DA:60,2
DA:61,2
DA:62,4
DA:66,2
DA:67,2
DA:68,2
DA:69,2
DA:70,2
DA:71,2
LF:31
LH:31
end_of_record
SF:lib\services\api_service.dart
DA:14,9
DA:15,9
DA:16,0
DA:19,0
DA:20,0
DA:21,0
DA:24,1
DA:25,1
DA:26,0
DA:29,9
DA:30,9
DA:31,0
DA:32,0
DA:33,0
DA:34,0
DA:41,9
DA:46,18
DA:47,9
DA:51,0
DA:52,0
DA:53,0
DA:55,0
DA:56,0
DA:59,0
DA:62,0
DA:63,0
DA:66,0
DA:69,0
DA:70,0
DA:73,0
DA:78,0
DA:79,0
DA:82,0
DA:86,3
DA:88,3
DA:91,3
DA:96,0
DA:97,0
DA:100,0
DA:108,1
DA:110,1
DA:111,0
DA:114,1
DA:119,3
DA:120,3
DA:122,0
DA:125,3
DA:126,3
DA:129,0
DA:132,3
DA:133,6
DA:135,0
DA:138,3
DA:139,3
DA:142,0
DA:143,0
DA:145,0
DA:148,1
DA:149,2
DA:151,0
LF:60
LH:25
end_of_record
SF:lib\screens\orders_screen.dart
DA:9,2
DA:11,2
DA:12,2
DA:21,2
DA:23,2
DA:24,2
DA:27,2
DA:28,4
DA:29,2
DA:30,2
DA:34,4
DA:35,0
DA:36,0
DA:37,0
DA:41,0
DA:42,0
DA:43,0
DA:48,2
DA:50,2
DA:51,2
DA:54,2
DA:56,0
DA:57,0
DA:58,0
DA:60,0
DA:61,0
DA:62,0
DA:66,0
DA:67,0
DA:73,0
DA:75,0
DA:76,0
DA:77,0
DA:78,0
DA:79,0
DA:80,0
DA:82,0
DA:84,0
DA:85,0
DA:86,0
DA:87,0
DA:88,0
DA:93,0
DA:96,0
DA:97,0
DA:98,0
LF:46
LH:15
end_of_record
SF:lib\main.dart
DA:4,0
DA:5,0
DA:9,6
DA:11,3
DA:13,3
DA:15,3
DA:16,3
LF:7
LH:5
end_of_record
SF:lib\screens\login_screen.dart
DA:7,13
DA:9,5
DA:10,5
DA:25,5
DA:27,5
DA:28,5
DA:31,5
DA:33,5
DA:34,5
DA:35,5
DA:37,5
DA:38,5
DA:39,5
DA:45,2
DA:46,2
DA:49,2
DA:57,5
DA:58,5
DA:66,2
DA:67,2
DA:75,5
DA:76,0
DA:78,0
DA:79,0
DA:83,5
DA:85,5
DA:86,10
DA:87,5
DA:99,2
DA:100,6
DA:104,4
DA:105,2
DA:106,2
DA:112,4
DA:113,6
DA:114,4
DA:119,0
DA:120,0
DA:121,0
DA:122,0
DA:129,0
DA:130,0
DA:131,0
LF:43
LH:33
end_of_record
SF:lib\screens\products_screen.dart
DA:13,2
DA:15,2
DA:16,2
DA:28,2
DA:30,2
DA:31,2
DA:34,2
DA:35,4
DA:36,2
DA:37,2
DA:41,4
DA:42,0
DA:43,0
DA:44,0
DA:49,0
DA:50,0
DA:51,0
DA:56,2
DA:58,2
DA:59,2
DA:61,2
DA:62,2
DA:64,0
DA:65,0
DA:67,0
DA:68,0
DA:73,2
DA:75,0
DA:76,0
DA:78,0
DA:79,0
DA:86,2
DA:88,0
DA:89,0
DA:90,0
DA:92,0
DA:93,0
DA:94,0
DA:98,0
DA:99,0
DA:105,0
DA:107,0
DA:108,0
DA:109,0
DA:110,0
DA:113,0
DA:114,0
DA:116,0
DA:118,0
DA:119,0
DA:121,0
DA:122,0
DA:124,0
LF:53
LH:18
end_of_record
SF:lib\screens\profile_screen.dart
DA:9,2
DA:11,2
DA:12,2
DA:21,2
DA:23,2
DA:24,6
DA:25,2
DA:28,2
DA:29,4
DA:30,2
DA:34,4
DA:35,0
DA:36,0
DA:37,0
DA:41,0
DA:42,0
DA:47,0
DA:49,0
DA:50,0
DA:51,0
DA:52,0
DA:53,0
DA:58,0
DA:59,0
DA:60,0
DA:61,0
DA:67,2
DA:69,2
DA:76,0
DA:78,0
DA:79,0
DA:82,0
DA:84,0
DA:86,0
DA:88,0
DA:89,0
DA:90,0
DA:93,0
DA:94,0
DA:95,0
DA:97,0
DA:99,0
DA:100,0
DA:101,0
DA:104,0
DA:105,0
DA:107,0
DA:108,0
DA:109,0
LF:49
LH:13
end_of_record
SF:lib\widgets\product_card.dart
DA:8,1
DA:14,1
DA:16,1
DA:18,1
DA:19,3
DA:20,1
DA:22,1
DA:25,5
DA:30,2
DA:36,1
LF:10
LH:10
end_of_record
SF:lib\screens\product_detail_screen.dart
DA:10,2
DA:16,2
DA:17,2
DA:28,2
DA:30,2
DA:31,6
DA:32,2
DA:35,2
DA:36,4
DA:37,2
DA:41,10
DA:42,0
DA:43,0
DA:44,0
DA:49,0
DA:50,0
DA:55,0
DA:58,0
DA:63,2
DA:65,2
DA:72,0
DA:74,0
DA:75,0
DA:76,0
DA:78,0
DA:80,0
DA:82,0
DA:84,0
DA:85,0
DA:86,0
DA:89,0
DA:90,0
DA:91,0
DA:98,0
DA:99,0
DA:101,0
DA:104,0
DA:108,0
DA:110,0
DA:111,0
DA:112,0
LF:41
LH:13
end_of_record
